[2025-02-16 02:07:29] [INFO] [frame_log:112] TESTCASE_START:simple_project/cases/demos/test_frame.py::TestFrame::test_logger_1
[2025-02-16 02:07:29] [INFO] [frame_log:112] Step started: 1步骤 1
[2025-02-16 02:07:30] [INFO] [frame_log:112] 1test1111111111111111111111
[2025-02-16 02:07:30] [INFO] [frame_log:112] Step passed: 1步骤 1
[2025-02-16 02:07:30] [INFO] [frame_log:112] Step started: 1步骤 2
[2025-02-16 02:07:31] [INFO] [frame_log:112] 1test2222222222222222222222
[2025-02-16 02:07:31] [INFO] [frame_log:112] Step passed: 1步骤 2
[2025-02-16 02:07:31] [INFO] [frame_log:112] Step started: 1步骤 3
[2025-02-16 02:07:32] [INFO] [frame_log:112] 1test3333333333333
[2025-02-16 02:07:32] [INFO] [frame_log:112] Step passed: 1步骤 3
[2025-02-16 02:07:32] [INFO] [frame_log:112] TESTCASE_END:simple_project/cases/demos/test_frame.py::TestFrame::test_logger_1
[2025-02-16 02:07:32] [INFO] [frame_log:112] TESTCASE_START:simple_project/cases/demos/test_frame.py::TestFrame::test_logger_2
[2025-02-16 02:07:32] [INFO] [frame_log:112] Step started: 2步骤 1
[2025-02-16 02:07:33] [INFO] [frame_log:112] 2test1111111111111111111111
[2025-02-16 02:07:33] [INFO] [frame_log:112] Step passed: 2步骤 1
[2025-02-16 02:07:33] [INFO] [frame_log:112] Step started: 2步骤 2
[2025-02-16 02:07:34] [INFO] [frame_log:112] 2test2222222222222222222222
[2025-02-16 02:07:34] [INFO] [frame_log:112] Step passed: 2步骤 2
[2025-02-16 02:07:34] [INFO] [frame_log:112] Step started: 2步骤 3
[2025-02-16 02:07:35] [INFO] [frame_log:112] 2test3333333333333
[2025-02-16 02:07:35] [INFO] [frame_log:112] Step passed: 2步骤 3
[2025-02-16 02:07:35] [INFO] [frame_log:112] TESTCASE_END:simple_project/cases/demos/test_frame.py::TestFrame::test_logger_2
